<?xml version="1.0" encoding="utf-8"?><testsuites name="pytest tests"><testsuite name="pytest" errors="0" failures="0" skipped="0" tests="12" time="73.886" timestamp="2026-07-10T23:28:44.893985+00:00" hostname="agent-env-a87e5b34-ef45-4f7f-9054-c083f915b4e1"><testcase classname="tests.test_earos_v2.TestScenarios" name="test_list_8" time="30.420" /><testcase classname="tests.test_earos_v2.TestAgentsAndIntegrations" name="test_agents_17" time="30.424" /><testcase classname="tests.test_earos_v2.TestAgentsAndIntegrations" name="test_integrations_24" time="0.048" /><testcase classname="tests.test_earos_v2.TestScenarios" name="test_run_java_chennai" time="0.081" /><testcase classname="tests.test_earos_v2.TestMission" name="test_snapshot" time="0.055" /><testcase classname="tests.test_earos_v2.TestIntake" name="test_analyze_java_brief" time="42.624" /><testcase classname="tests.test_earos_v2.TestResume" name="test_analyze" time="1.313" /><testcase classname="tests.test_earos_v2.TestOutreach" name="test_pack_3_variants" time="0.052" /><testcase classname="tests.test_earos_v2.TestVoice" name="test_plan_and_turn" time="0.096" /><testcase classname="tests.test_earos_v2.TestWhatIf" name="test_simulate_trajectory" time="0.051" /><testcase classname="tests.test_earos_v2.TestSourcing" name="test_sweep_10_channels" time="0.210" /><testcase classname="tests.test_earos_v2.TestScreening" name="test_rubric_8_dims" time="0.047" /></testsuite></testsuites>