<?xml version="1.0" encoding="utf-8"?><testsuites name="pytest tests"><testsuite name="pytest" errors="0" failures="3" skipped="0" tests="29" time="22.419" timestamp="2026-07-10T22:21:41.736647+00:00" hostname="agent-env-a87e5b34-ef45-4f7f-9054-c083f915b4e1"><testcase classname="tests.test_earos_backend.TestAuth" name="test_dev_login_ok" time="0.270" /><testcase classname="tests.test_earos_backend.TestWorld" name="test_org" time="0.248" /><testcase classname="tests.test_earos_backend.TestWorld" name="test_jobs_12" time="0.045" /><testcase classname="tests.test_earos_backend.TestAuth" name="test_me_with_cookie" time="0.236" /><testcase classname="tests.test_earos_backend.TestWorld" name="test_candidates_100" time="0.064" /><testcase classname="tests.test_earos_backend.TestWorld" name="test_job_candidates_filter" time="0.048" /><testcase classname="tests.test_earos_backend.TestWorld" name="test_invalid_job_404" time="0.056" /><testcase classname="tests.test_earos_backend.TestIntelligence" name="test_hiring" time="0.053" /><testcase classname="tests.test_earos_backend.TestAuth" name="test_logout_clears" time="0.208" /><testcase classname="tests.test_earos_backend.TestIntelligence" name="test_offer" time="0.047" /><testcase classname="tests.test_earos_backend.TestIntelligence" name="test_org_health" time="0.049" /><testcase classname="tests.test_earos_backend.TestIntelligence" name="test_skill_gaps" time="0.049" /><testcase classname="tests.test_earos_backend.TestIntelligence" name="test_strategy" time="0.048" /><testcase classname="tests.test_earos_backend.TestRuntime" name="test_screen_success" time="0.048"><failure message="AssertionError: {&quot;detail&quot;:[{&quot;type&quot;:&quot;missing&quot;,&quot;loc&quot;:[&quot;body&quot;,&quot;goal&quot;],&quot;msg&quot;:&quot;Field required&quot;,&quot;input&quot;:{&quot;steps&quot;:[{&quot;capability_id&quot;:&quot;cap.screen_candidate&quot;,&quot;inputs&quot;:{&quot;candidate_id&quot;:&quot;cand_ai_staff_bang_00&quot;},&quot;confidence&quot;:0.85}]},&quot;url&quot;:&quot;https://errors.pydantic.dev/2.13/v/missing&quot;}]}&#10;assert 422 == 200&#10; +  where 422 = &lt;Response [422]&gt;.status_code">tests/test_earos_backend.py:243: in test_screen_success
    assert r.status_code == 200, r.text
E   AssertionError: {"detail":[{"type":"missing","loc":["body","goal"],"msg":"Field required","input":{"steps":[{"capability_id":"cap.screen_candidate","inputs":{"candidate_id":"cand_ai_staff_bang_00"},"confidence":0.85}]},"url":"https://errors.pydantic.dev/2.13/v/missing"}]}
E   assert 422 == 200
E    +  where 422 = &lt;Response [422]&gt;.status_code</failure></testcase><testcase classname="tests.test_earos_backend.TestAuth" name="test_dev_login_bad_email_404" time="0.169" /><testcase classname="tests.test_earos_backend.TestRuntime" name="test_offer_awaiting_approval" time="0.044"><failure message="AssertionError: {&quot;detail&quot;:[{&quot;type&quot;:&quot;missing&quot;,&quot;loc&quot;:[&quot;body&quot;,&quot;goal&quot;],&quot;msg&quot;:&quot;Field required&quot;,&quot;input&quot;:{&quot;steps&quot;:[{&quot;capability_id&quot;:&quot;cap.generate_offer&quot;,&quot;inputs&quot;:{&quot;candidate_id&quot;:&quot;cand_ai_staff_bang_00&quot;},&quot;confidence&quot;:0.9,&quot;sensitivity&quot;:&quot;confidential&quot;}]},&quot;url&quot;:&quot;https://errors.pydantic.dev/2.13/v/missing&quot;}]}&#10;assert 422 == 200&#10; +  where 422 = &lt;Response [422]&gt;.status_code">tests/test_earos_backend.py:261: in test_offer_awaiting_approval
    assert r.status_code == 200, r.text
E   AssertionError: {"detail":[{"type":"missing","loc":["body","goal"],"msg":"Field required","input":{"steps":[{"capability_id":"cap.generate_offer","inputs":{"candidate_id":"cand_ai_staff_bang_00"},"confidence":0.9,"sensitivity":"confidential"}]},"url":"https://errors.pydantic.dev/2.13/v/missing"}]}
E   assert 422 == 200
E    +  where 422 = &lt;Response [422]&gt;.status_code</failure></testcase><testcase classname="tests.test_earos_backend.TestRuntime" name="test_low_confidence_advance_blocked" time="0.043"><failure message="AssertionError: {&quot;detail&quot;:[{&quot;type&quot;:&quot;missing&quot;,&quot;loc&quot;:[&quot;body&quot;,&quot;goal&quot;],&quot;msg&quot;:&quot;Field required&quot;,&quot;input&quot;:{&quot;steps&quot;:[{&quot;capability_id&quot;:&quot;cap.advance_stage&quot;,&quot;inputs&quot;:{&quot;candidate_id&quot;:&quot;cand_ai_staff_bang_00&quot;,&quot;stage&quot;:&quot;phone_screen&quot;},&quot;confidence&quot;:0.4}]},&quot;url&quot;:&quot;https://errors.pydantic.dev/2.13/v/missing&quot;}]}&#10;assert 422 == 200&#10; +  where 422 = &lt;Response [422]&gt;.status_code">tests/test_earos_backend.py:292: in test_low_confidence_advance_blocked
    assert r.status_code == 200, r.text
E   AssertionError: {"detail":[{"type":"missing","loc":["body","goal"],"msg":"Field required","input":{"steps":[{"capability_id":"cap.advance_stage","inputs":{"candidate_id":"cand_ai_staff_bang_00","stage":"phone_screen"},"confidence":0.4}]},"url":"https://errors.pydantic.dev/2.13/v/missing"}]}
E   assert 422 == 200
E    +  where 422 = &lt;Response [422]&gt;.status_code</failure></testcase><testcase classname="tests.test_earos_backend.TestApplications" name="test_dashboard" time="0.053" /><testcase classname="tests.test_earos_backend.TestAuth" name="test_google_session_requires_header" time="0.097" /><testcase classname="tests.test_earos_backend.TestApplications" name="test_recruiter_pipeline" time="0.089" /><testcase classname="tests.test_earos_backend.TestAuth" name="test_google_session_invalid_id_401" time="0.244" /><testcase classname="tests.test_earos_backend.TestApplications" name="test_candidate_status_safe" time="0.052" /><testcase classname="tests.test_earos_backend.TestHealthBootstrap" name="test_health" time="0.131" /><testcase classname="tests.test_earos_backend.TestHealthBootstrap" name="test_bootstrap_idempotent" time="0.158" /><testcase classname="tests.test_earos_backend.TestAuth" name="test_unauth_world_401" time="0.144" /><testcase classname="tests.test_earos_backend.TestPlanner" name="test_plan" time="20.447" /><testcase classname="tests.test_earos_backend.TestGovernance" name="test_events" time="1.383" /><testcase classname="tests.test_earos_backend.TestGovernance" name="test_replay" time="0.089" /><testcase classname="tests.test_earos_backend.TestReflection" name="test_reports" time="0.048" /></testsuite></testsuites>