<?xml version="1.0" encoding="utf-8"?><testsuites name="pytest tests"><testsuite name="pytest" errors="0" failures="1" skipped="0" tests="48" time="8.766" timestamp="2026-07-13T18:14:47.443585+00:00" hostname="agent-env-a87e5b34-ef45-4f7f-9054-c083f915b4e1"><testcase classname="tests.test_earos_backend.TestAuth" name="test_dev_login_ok" time="0.194" /><testcase classname="tests.test_earos_backend.TestWorld" name="test_org" time="0.255" /><testcase classname="tests.test_earos_backend.TestAuth" name="test_me_with_cookie" time="0.191" /><testcase classname="tests.test_earos_backend.TestWorld" name="test_jobs_12" time="0.070" /><testcase classname="tests.test_earos_backend.TestWorld" name="test_candidates_100" time="0.079" /><testcase classname="tests.test_earos_backend.TestAuth" name="test_logout_clears" time="0.239" /><testcase classname="tests.test_earos_backend.TestWorld" name="test_job_candidates_filter" time="0.066" /><testcase classname="tests.test_earos_backend.TestWorld" name="test_invalid_job_404" time="0.100" /><testcase classname="tests.test_earos_backend.TestIntelligence" name="test_hiring" time="0.058" /><testcase classname="tests.test_earos_backend.TestAuth" name="test_dev_login_bad_email_404" time="0.107" /><testcase classname="tests.test_earos_backend.TestIntelligence" name="test_offer" time="0.059" /><testcase classname="tests.test_earos_backend.TestIntelligence" name="test_org_health" time="0.100" /><testcase classname="tests.test_earos_backend.TestAuth" name="test_google_session_requires_header" time="0.119" /><testcase classname="tests.test_earos_backend.TestIntelligence" name="test_skill_gaps" time="0.070" /><testcase classname="tests.test_earos_backend.TestAuth" name="test_google_session_invalid_id_401" time="0.280" /><testcase classname="tests.test_earos_backend.TestIntelligence" name="test_strategy" time="0.066" /><testcase classname="tests.test_earos_v3.TestDeepDiveReplay" name="test_replay_ai_bang" time="0.264" /><testcase classname="tests.test_earos_backend.TestAuth" name="test_unauth_world_401" time="0.175" /><testcase classname="tests.test_earos_v3.TestDeepDiveReplay" name="test_rollup_present" time="0.051" /><testcase classname="tests.test_earos_v3.TestDeepDiveReplay" name="test_replay_404_unknown_cid" time="0.056" /><testcase classname="tests.test_earos_v3.TestDeepDiveReplay" name="test_reflection_and_approval_events_share_cid" time="0.067" /><testcase classname="tests.test_earos_backend.TestApplications" name="test_dashboard" time="0.064" /><testcase classname="tests.test_earos_backend.TestApplications" name="test_recruiter_pipeline" time="0.067" /><testcase classname="tests.test_earos_backend.TestRuntime" name="test_screen_success" time="0.222" /><testcase classname="tests.test_earos_backend.TestApplications" name="test_candidate_status_safe" time="0.055" /><testcase classname="tests.test_earos_backend.TestRuntime" name="test_offer_awaiting_approval" time="0.186" /><testcase classname="tests.test_earos_backend.TestRuntime" name="test_low_confidence_advance_blocked" time="0.064" /><testcase classname="tests.test_earos_v3.TestDeepDiveList" name="test_executions_returns_list" time="0.278" /><testcase classname="tests.test_earos_v3.TestDeepDiveList" name="test_fresh_scenario_in_list" time="0.066" /><testcase classname="tests.test_earos_v2.TestAgentsAndIntegrations" name="test_agents_17" time="0.185" /><testcase classname="tests.test_earos_v2.TestAgentsAndIntegrations" name="test_integrations_24" time="0.073" /><testcase classname="tests.test_earos_v2.TestScenarios" name="test_list_8" time="0.175" /><testcase classname="tests.test_earos_backend.TestHealthBootstrap" name="test_health" time="0.099" /><testcase classname="tests.test_earos_v2.TestScenarios" name="test_run_java_chennai" time="0.083" /><testcase classname="tests.test_earos_backend.TestHealthBootstrap" name="test_bootstrap_idempotent" time="0.136" /><testcase classname="tests.test_earos_backend.TestGovernance" name="test_events" time="0.070" /><testcase classname="tests.test_earos_backend.TestGovernance" name="test_replay" time="0.147" /><testcase classname="tests.test_earos_v3.TestOfferPolicyInvariant" name="test_offer_generation_awaits_approval" time="0.177"><failure message="AssertionError: offer generation did not gate on approval: status=policy_blocked pending=[]&#10;assert ('await' in 'policy_blocked' or 'approval' in 'policy_blocked' or 0 &gt;= 1)&#10; +  where 0 = len([])">E   AssertionError: offer generation did not gate on approval: status=policy_blocked pending=[]
    assert ('await' in 'policy_blocked' or 'approval' in 'policy_blocked' or 0 &gt;= 1)
     +  where 0 = len([])</failure></testcase><testcase classname="tests.test_earos_v2.TestIntake" name="test_analyze_java_brief" time="5.560" /><testcase classname="tests.test_earos_v2.TestMission" name="test_snapshot" time="5.266" /><testcase classname="tests.test_earos_v2.TestResume" name="test_analyze" time="0.051" /><testcase classname="tests.test_earos_v2.TestScreening" name="test_rubric_8_dims" time="0.052" /><testcase classname="tests.test_earos_v2.TestVoice" name="test_plan_and_turn" time="0.117" /><testcase classname="tests.test_earos_v2.TestSourcing" name="test_sweep_10_channels" time="0.048" /><testcase classname="tests.test_earos_v2.TestWhatIf" name="test_simulate_trajectory" time="0.051" /><testcase classname="tests.test_earos_v2.TestOutreach" name="test_pack_3_variants" time="0.051" /><testcase classname="tests.test_earos_backend.TestPlanner" name="test_plan" time="0.274" /><testcase classname="tests.test_earos_backend.TestReflection" name="test_reports" time="0.071" /></testsuite></testsuites>